<?xml version="1.0" encoding="UTF-8"?>
<testsuite name="babysitterKataTest" tests="9" skipped="0" failures="0" errors="0" timestamp="2019-03-16T21:11:17" hostname="DetroitabssMBP2" time="0.02">
  <properties/>
  <testcase name="shouldReturnOneHundredAndNinetyWhenGivenFamilyAInput()" classname="babysitterKataTest" time="0.009"/>
  <testcase name="shouldReturnFalseIfEndTimeSixPmIsAfterStartTimeOfFivePm()" classname="babysitterKataTest" time="0.001"/>
  <testcase name="shouldConvertTimeToAPositiveRangeShouldReturnElevenIfInputFour()" classname="babysitterKataTest" time="0.0"/>
  <testcase name="shouldReturnFalseStartTimeFourAmIsAfterAvailabilityRangeOfShiftStarting()" classname="babysitterKataTest" time="0.001"/>
  <testcase name="shouldReturnTrueStartTimeFivePmIsWithInAvailabilityRAngeOfShiftStarting()" classname="babysitterKataTest" time="0.001"/>
  <testcase name="shouldReturnOneHundredAndEightyNineWhenGivenFamilyCInput()" classname="babysitterKataTest" time="0.0"/>
  <testcase name="shouldReturnTrueIfEndTimeFourAmIsAfterStartTimeOfFivePm()" classname="babysitterKataTest" time="0.001"/>
  <testcase name="shouldConvertTimeToAPostiveRangeShouldReturnZeroIfInputFive()" classname="babysitterKataTest" time="0.0"/>
  <testcase name="shouldReturnOneHundredAndFortyWhenGivenFamilyBInput()" classname="babysitterKataTest" time="0.0"/>
  <system-out><![CDATA[]]></system-out>
  <system-err><![CDATA[]]></system-err>
</testsuite>
